<?xml version="1.0" encoding="UTF-8"?>
<coverage generated="1671551522053" clover="3.2.0">
  <project timestamp="1671551522054" name="All files">
    <metrics statements="52" coveredstatements="52" conditionals="1" coveredconditionals="1" methods="22" coveredmethods="22" elements="75" coveredelements="75" complexity="0" loc="52" ncloc="52" packages="2" files="7" classes="7"/>
    <package name="classes">
      <metrics statements="48" coveredstatements="48" conditionals="1" coveredconditionals="1" methods="20" coveredmethods="20"/>
      <file name="customer.ts" path="/home/netwp1rate/Desktop/ts-solid-principles/src/testing-with-jest/classes/customer.ts">
        <metrics statements="11" coveredstatements="11" conditionals="0" coveredconditionals="0" methods="6" coveredmethods="6"/>
        <line num="7" count="1" type="stmt"/>
        <line num="15" count="2" type="stmt"/>
        <line num="16" count="2" type="stmt"/>
        <line num="17" count="2" type="stmt"/>
        <line num="21" count="1" type="stmt"/>
        <line num="25" count="1" type="stmt"/>
        <line num="29" count="1" type="stmt"/>
        <line num="36" count="2" type="stmt"/>
        <line num="37" count="2" type="stmt"/>
        <line num="41" count="1" type="stmt"/>
        <line num="45" count="1" type="stmt"/>
      </file>
      <file name="discount.ts" path="/home/netwp1rate/Desktop/ts-solid-principles/src/testing-with-jest/classes/discount.ts">
        <metrics statements="8" coveredstatements="8" conditionals="0" coveredconditionals="0" methods="1" coveredmethods="1"/>
        <line num="1" count="2" type="stmt"/>
        <line num="2" count="9" type="stmt"/>
        <line num="5" count="5" type="stmt"/>
        <line num="9" count="2" type="stmt"/>
        <line num="10" count="1" type="stmt"/>
        <line num="13" count="2" type="stmt"/>
        <line num="14" count="1" type="stmt"/>
        <line num="17" count="2" type="stmt"/>
      </file>
      <file name="order.ts" path="/home/netwp1rate/Desktop/ts-solid-principles/src/testing-with-jest/classes/order.ts">
        <metrics statements="15" coveredstatements="15" conditionals="1" coveredconditionals="1" methods="3" coveredmethods="3"/>
        <line num="9" count="1" type="stmt"/>
        <line num="10" count="5" type="stmt"/>
        <line num="13" count="5" type="stmt"/>
        <line num="14" count="5" type="stmt"/>
        <line num="15" count="5" type="stmt"/>
        <line num="16" count="5" type="stmt"/>
        <line num="20" count="2" type="stmt"/>
        <line num="24" count="5" type="cond" truecount="1" falsecount="0"/>
        <line num="25" count="1" type="stmt"/>
        <line num="26" count="1" type="stmt"/>
        <line num="29" count="4" type="stmt"/>
        <line num="30" count="4" type="stmt"/>
        <line num="33" count="4" type="stmt"/>
        <line num="34" count="4" type="stmt"/>
        <line num="35" count="4" type="stmt"/>
      </file>
      <file name="product.ts" path="/home/netwp1rate/Desktop/ts-solid-principles/src/testing-with-jest/classes/product.ts">
        <metrics statements="2" coveredstatements="2" conditionals="0" coveredconditionals="0" methods="1" coveredmethods="1"/>
        <line num="2" count="1" type="stmt"/>
        <line num="3" count="1" type="stmt"/>
      </file>
      <file name="shopping_cart.ts" path="/home/netwp1rate/Desktop/ts-solid-principles/src/testing-with-jest/classes/shopping_cart.ts">
        <metrics statements="12" coveredstatements="12" conditionals="0" coveredconditionals="0" methods="9" coveredmethods="9"/>
        <line num="9" count="1" type="stmt"/>
        <line num="10" count="6" type="stmt"/>
        <line num="12" count="6" type="stmt"/>
        <line num="15" count="10" type="stmt"/>
        <line num="19" count="2" type="stmt"/>
        <line num="23" count="5" type="stmt"/>
        <line num="28" count="4" type="stmt"/>
        <line num="29" count="8" type="stmt"/>
        <line num="34" count="2" type="stmt"/>
        <line num="38" count="3" type="stmt"/>
        <line num="42" count="1" type="stmt"/>
        <line num="43" count="1" type="stmt"/>
      </file>
    </package>
    <package name="services">
      <metrics statements="4" coveredstatements="4" conditionals="0" coveredconditionals="0" methods="2" coveredmethods="2"/>
      <file name="messaging.ts" path="/home/netwp1rate/Desktop/ts-solid-principles/src/testing-with-jest/services/messaging.ts">
        <metrics statements="2" coveredstatements="2" conditionals="0" coveredconditionals="0" methods="1" coveredmethods="1"/>
        <line num="3" count="1" type="stmt"/>
        <line num="5" count="3" type="stmt"/>
      </file>
      <file name="persistency.ts" path="/home/netwp1rate/Desktop/ts-solid-principles/src/testing-with-jest/services/persistency.ts">
        <metrics statements="2" coveredstatements="2" conditionals="0" coveredconditionals="0" methods="1" coveredmethods="1"/>
        <line num="4" count="1" type="stmt"/>
        <line num="6" count="3" type="stmt"/>
      </file>
    </package>
  </project>
</coverage>
