{"/home/netwp1rate/Desktop/ts-solid-principles/src/testing-with-jest/classes/customer.ts": {"path":"/home/netwp1rate/Desktop/ts-solid-principles/src/testing-with-jest/classes/customer.ts","statementMap":{"0":{"start":{"line":15,"column":10},"end":{"line":15,"column":null}},"1":{"start":{"line":16,"column":10},"end":{"line":16,"column":null}},"2":{"start":{"line":17,"column":10},"end":{"line":17,"column":null}},"3":{"start":{"line":21,"column":10},"end":{"line":21,"column":null}},"4":{"start":{"line":25,"column":10},"end":{"line":25,"column":null}},"5":{"start":{"line":7,"column":0},"end":{"line":7,"column":13}},"6":{"start":{"line":36,"column":10},"end":{"line":36,"column":null}},"7":{"start":{"line":37,"column":10},"end":{"line":37,"column":null}},"8":{"start":{"line":41,"column":10},"end":{"line":41,"column":null}},"9":{"start":{"line":45,"column":10},"end":{"line":45,"column":null}},"10":{"start":{"line":29,"column":0},"end":{"line":29,"column":13}}},"fnMap":{"0":{"name":"(anonymous_0)","decl":{"start":{"line":14,"column":5},"end":{"line":14,"column":17}},"loc":{"start":{"line":14,"column":65},"end":{"line":18,"column":6}}},"1":{"name":"(anonymous_1)","decl":{"start":{"line":20,"column":5},"end":{"line":20,"column":12}},"loc":{"start":{"line":20,"column":12},"end":{"line":22,"column":6}}},"2":{"name":"(anonymous_2)","decl":{"start":{"line":24,"column":5},"end":{"line":24,"column":11}},"loc":{"start":{"line":24,"column":11},"end":{"line":26,"column":6}}},"3":{"name":"(anonymous_3)","decl":{"start":{"line":35,"column":5},"end":{"line":35,"column":17}},"loc":{"start":{"line":35,"column":43},"end":{"line":38,"column":6}}},"4":{"name":"(anonymous_4)","decl":{"start":{"line":40,"column":5},"end":{"line":40,"column":12}},"loc":{"start":{"line":40,"column":12},"end":{"line":42,"column":6}}},"5":{"name":"(anonymous_5)","decl":{"start":{"line":44,"column":5},"end":{"line":44,"column":11}},"loc":{"start":{"line":44,"column":11},"end":{"line":46,"column":6}}}},"branchMap":{},"s":{"0":2,"1":2,"2":2,"3":1,"4":1,"5":1,"6":2,"7":2,"8":1,"9":1,"10":1},"f":{"0":2,"1":1,"2":1,"3":2,"4":1,"5":1},"b":{}}
,"/home/netwp1rate/Desktop/ts-solid-principles/src/testing-with-jest/classes/discount.ts": {"path":"/home/netwp1rate/Desktop/ts-solid-principles/src/testing-with-jest/classes/discount.ts","statementMap":{"0":{"start":{"line":2,"column":31},"end":{"line":2,"column":32}},"1":{"start":{"line":5,"column":10},"end":{"line":5,"column":null}},"2":{"start":{"line":1,"column":0},"end":{"line":1,"column":22}},"3":{"start":{"line":10,"column":40},"end":{"line":10,"column":43}},"4":{"start":{"line":9,"column":0},"end":{"line":9,"column":13}},"5":{"start":{"line":14,"column":40},"end":{"line":14,"column":43}},"6":{"start":{"line":13,"column":0},"end":{"line":13,"column":13}},"7":{"start":{"line":17,"column":0},"end":{"line":17,"column":13}}},"fnMap":{"0":{"name":"(anonymous_0)","decl":{"start":{"line":4,"column":5},"end":{"line":4,"column":14}},"loc":{"start":{"line":4,"column":28},"end":{"line":6,"column":6}}}},"branchMap":{},"s":{"0":9,"1":5,"2":2,"3":1,"4":2,"5":1,"6":2,"7":2},"f":{"0":5},"b":{}}
,"/home/netwp1rate/Desktop/ts-solid-principles/src/testing-with-jest/classes/order.ts": {"path":"/home/netwp1rate/Desktop/ts-solid-principles/src/testing-with-jest/classes/order.ts","statementMap":{"0":{"start":{"line":10,"column":41},"end":{"line":10,"column":47}},"1":{"start":{"line":13,"column":27},"end":{"line":13,"column":53}},"2":{"start":{"line":14,"column":27},"end":{"line":14,"column":55}},"3":{"start":{"line":15,"column":27},"end":{"line":15,"column":59}},"4":{"start":{"line":16,"column":27},"end":{"line":16,"column":50}},"5":{"start":{"line":20,"column":10},"end":{"line":20,"column":null}},"6":{"start":{"line":24,"column":10},"end":{"line":27,"column":null}},"7":{"start":{"line":25,"column":15},"end":{"line":25,"column":null}},"8":{"start":{"line":26,"column":15},"end":{"line":26,"column":21}},"9":{"start":{"line":29,"column":10},"end":{"line":29,"column":null}},"10":{"start":{"line":30,"column":10},"end":{"line":32,"column":null}},"11":{"start":{"line":33,"column":10},"end":{"line":33,"column":null}},"12":{"start":{"line":34,"column":10},"end":{"line":34,"column":null}},"13":{"start":{"line":35,"column":10},"end":{"line":37,"column":null}},"14":{"start":{"line":9,"column":0},"end":{"line":9,"column":13}}},"fnMap":{"0":{"name":"(anonymous_0)","decl":{"start":{"line":12,"column":5},"end":{"line":12,"column":null}},"loc":{"start":{"line":16,"column":50},"end":{"line":17,"column":9}}},"1":{"name":"(anonymous_1)","decl":{"start":{"line":19,"column":5},"end":{"line":19,"column":9}},"loc":{"start":{"line":19,"column":20},"end":{"line":21,"column":6}}},"2":{"name":"(anonymous_2)","decl":{"start":{"line":23,"column":5},"end":{"line":23,"column":13}},"loc":{"start":{"line":23,"column":13},"end":{"line":38,"column":6}}}},"branchMap":{"0":{"loc":{"start":{"line":24,"column":10},"end":{"line":27,"column":null}},"type":"if","locations":[{"start":{"line":24,"column":10},"end":{"line":27,"column":null}}]}},"s":{"0":5,"1":5,"2":5,"3":5,"4":5,"5":2,"6":5,"7":1,"8":1,"9":4,"10":4,"11":4,"12":4,"13":4,"14":1},"f":{"0":5,"1":2,"2":5},"b":{"0":[1]}}
,"/home/netwp1rate/Desktop/ts-solid-principles/src/testing-with-jest/classes/product.ts": {"path":"/home/netwp1rate/Desktop/ts-solid-principles/src/testing-with-jest/classes/product.ts","statementMap":{"0":{"start":{"line":3,"column":24},"end":{"line":3,"column":36}},"1":{"start":{"line":3,"column":45},"end":{"line":3,"column":58}},"2":{"start":{"line":2,"column":0},"end":{"line":2,"column":13}}},"fnMap":{"0":{"name":"(anonymous_0)","decl":{"start":{"line":3,"column":5},"end":{"line":3,"column":24}},"loc":{"start":{"line":3,"column":58},"end":{"line":3,"column":62}}}},"branchMap":{},"s":{"0":1,"1":1,"2":1},"f":{"0":1},"b":{}}
,"/home/netwp1rate/Desktop/ts-solid-principles/src/testing-with-jest/classes/shopping_cart.ts": {"path":"/home/netwp1rate/Desktop/ts-solid-principles/src/testing-with-jest/classes/shopping_cart.ts","statementMap":{"0":{"start":{"line":10,"column":43},"end":{"line":10,"column":45}},"1":{"start":{"line":12,"column":34},"end":{"line":12,"column":52}},"2":{"start":{"line":15,"column":10},"end":{"line":15,"column":null}},"3":{"start":{"line":19,"column":10},"end":{"line":19,"column":null}},"4":{"start":{"line":23,"column":10},"end":{"line":23,"column":null}},"5":{"start":{"line":28,"column":10},"end":{"line":30,"column":null}},"6":{"start":{"line":29,"column":40},"end":{"line":29,"column":58}},"7":{"start":{"line":34,"column":10},"end":{"line":34,"column":null}},"8":{"start":{"line":38,"column":10},"end":{"line":38,"column":null}},"9":{"start":{"line":42,"column":10},"end":{"line":42,"column":null}},"10":{"start":{"line":43,"column":10},"end":{"line":43,"column":null}},"11":{"start":{"line":9,"column":0},"end":{"line":9,"column":13}}},"fnMap":{"0":{"name":"(anonymous_0)","decl":{"start":{"line":12,"column":5},"end":{"line":12,"column":34}},"loc":{"start":{"line":12,"column":52},"end":{"line":12,"column":56}}},"1":{"name":"(anonymous_1)","decl":{"start":{"line":14,"column":5},"end":{"line":14,"column":12}},"loc":{"start":{"line":14,"column":27},"end":{"line":16,"column":6}}},"2":{"name":"(anonymous_2)","decl":{"start":{"line":18,"column":5},"end":{"line":18,"column":15}},"loc":{"start":{"line":18,"column":29},"end":{"line":20,"column":6}}},"3":{"name":"(anonymous_3)","decl":{"start":{"line":22,"column":5},"end":{"line":22,"column":9}},"loc":{"start":{"line":22,"column":14},"end":{"line":24,"column":6}}},"4":{"name":"(anonymous_4)","decl":{"start":{"line":26,"column":5},"end":{"line":26,"column":10}},"loc":{"start":{"line":26,"column":10},"end":{"line":31,"column":6}}},"5":{"name":"(anonymous_5)","decl":{"start":{"line":29,"column":23},"end":{"line":29,"column":24}},"loc":{"start":{"line":29,"column":40},"end":{"line":29,"column":58}}},"6":{"name":"(anonymous_6)","decl":{"start":{"line":33,"column":5},"end":{"line":33,"column":22}},"loc":{"start":{"line":33,"column":22},"end":{"line":35,"column":6}}},"7":{"name":"(anonymous_7)","decl":{"start":{"line":37,"column":5},"end":{"line":37,"column":12}},"loc":{"start":{"line":37,"column":12},"end":{"line":39,"column":6}}},"8":{"name":"(anonymous_8)","decl":{"start":{"line":41,"column":5},"end":{"line":41,"column":10}},"loc":{"start":{"line":41,"column":10},"end":{"line":44,"column":6}}}},"branchMap":{},"s":{"0":6,"1":6,"2":10,"3":2,"4":5,"5":4,"6":8,"7":2,"8":3,"9":1,"10":1,"11":1},"f":{"0":6,"1":10,"2":2,"3":5,"4":4,"5":8,"6":2,"7":3,"8":1},"b":{}}
,"/home/netwp1rate/Desktop/ts-solid-principles/src/testing-with-jest/services/messaging.ts": {"path":"/home/netwp1rate/Desktop/ts-solid-principles/src/testing-with-jest/services/messaging.ts","statementMap":{"0":{"start":{"line":5,"column":10},"end":{"line":5,"column":null}},"1":{"start":{"line":3,"column":0},"end":{"line":3,"column":13}}},"fnMap":{"0":{"name":"(anonymous_0)","decl":{"start":{"line":4,"column":5},"end":{"line":4,"column":16}},"loc":{"start":{"line":4,"column":28},"end":{"line":6,"column":6}}}},"branchMap":{},"s":{"0":3,"1":1},"f":{"0":3},"b":{}}
,"/home/netwp1rate/Desktop/ts-solid-principles/src/testing-with-jest/services/persistency.ts": {"path":"/home/netwp1rate/Desktop/ts-solid-principles/src/testing-with-jest/services/persistency.ts","statementMap":{"0":{"start":{"line":6,"column":10},"end":{"line":6,"column":null}},"1":{"start":{"line":4,"column":0},"end":{"line":4,"column":13}}},"fnMap":{"0":{"name":"(anonymous_0)","decl":{"start":{"line":5,"column":5},"end":{"line":5,"column":14}},"loc":{"start":{"line":5,"column":14},"end":{"line":7,"column":6}}}},"branchMap":{},"s":{"0":3,"1":1},"f":{"0":3},"b":{}}
}
