TN:
SF:src/testing-with-jest/classes/customer.ts
FN:14,(anonymous_0)
FN:20,(anonymous_1)
FN:24,(anonymous_2)
FN:35,(anonymous_3)
FN:40,(anonymous_4)
FN:44,(anonymous_5)
FNF:6
FNH:6
FNDA:2,(anonymous_0)
FNDA:1,(anonymous_1)
FNDA:1,(anonymous_2)
FNDA:2,(anonymous_3)
FNDA:1,(anonymous_4)
FNDA:1,(anonymous_5)
DA:7,1
DA:15,2
DA:16,2
DA:17,2
DA:21,1
DA:25,1
DA:29,1
DA:36,2
DA:37,2
DA:41,1
DA:45,1
LF:11
LH:11
BRF:0
BRH:0
end_of_record
TN:
SF:src/testing-with-jest/classes/discount.ts
FN:4,(anonymous_0)
FNF:1
FNH:1
FNDA:5,(anonymous_0)
DA:1,2
DA:2,9
DA:5,5
DA:9,2
DA:10,1
DA:13,2
DA:14,1
DA:17,2
LF:8
LH:8
BRF:0
BRH:0
end_of_record
TN:
SF:src/testing-with-jest/classes/order.ts
FN:12,(anonymous_0)
FN:19,(anonymous_1)
FN:23,(anonymous_2)
FNF:3
FNH:3
FNDA:5,(anonymous_0)
FNDA:2,(anonymous_1)
FNDA:5,(anonymous_2)
DA:9,1
DA:10,5
DA:13,5
DA:14,5
DA:15,5
DA:16,5
DA:20,2
DA:24,5
DA:25,1
DA:26,1
DA:29,4
DA:30,4
DA:33,4
DA:34,4
DA:35,4
LF:15
LH:15
BRDA:24,0,0,1
BRF:1
BRH:1
end_of_record
TN:
SF:src/testing-with-jest/classes/product.ts
FN:3,(anonymous_0)
FNF:1
FNH:1
FNDA:1,(anonymous_0)
DA:2,1
DA:3,1
LF:2
LH:2
BRF:0
BRH:0
end_of_record
TN:
SF:src/testing-with-jest/classes/shopping_cart.ts
FN:12,(anonymous_0)
FN:14,(anonymous_1)
FN:18,(anonymous_2)
FN:22,(anonymous_3)
FN:26,(anonymous_4)
FN:29,(anonymous_5)
FN:33,(anonymous_6)
FN:37,(anonymous_7)
FN:41,(anonymous_8)
FNF:9
FNH:9
FNDA:6,(anonymous_0)
FNDA:10,(anonymous_1)
FNDA:2,(anonymous_2)
FNDA:5,(anonymous_3)
FNDA:4,(anonymous_4)
FNDA:8,(anonymous_5)
FNDA:2,(anonymous_6)
FNDA:3,(anonymous_7)
FNDA:1,(anonymous_8)
DA:9,1
DA:10,6
DA:12,6
DA:15,10
DA:19,2
DA:23,5
DA:28,4
DA:29,8
DA:34,2
DA:38,3
DA:42,1
DA:43,1
LF:12
LH:12
BRF:0
BRH:0
end_of_record
TN:
SF:src/testing-with-jest/services/messaging.ts
FN:4,(anonymous_0)
FNF:1
FNH:1
FNDA:3,(anonymous_0)
DA:3,1
DA:5,3
LF:2
LH:2
BRF:0
BRH:0
end_of_record
TN:
SF:src/testing-with-jest/services/persistency.ts
FN:5,(anonymous_0)
FNF:1
FNH:1
FNDA:3,(anonymous_0)
DA:4,1
DA:6,3
LF:2
LH:2
BRF:0
BRH:0
end_of_record
